# name   Z   N   A     Y(final)         Y(decay)         Y(seed)      
     n   0   1   1   2.67480E-25   0.00000E+00   5.44101E-24
     p   1   0   1   3.68026E-10   3.68026E-10   6.60001E-01
     d   1   1   2   3.83962E-24   3.83962E-24   1.05300E-14
     t   1   2   3   0.00000E+00   0.00000E+00   3.33333E-96
   he3   2   1   3   2.01969E-25   2.01969E-25   6.66301E-12
   he4   2   2   4   4.13093E-03   4.13094E-03   8.40001E-02
   he6   2   4   6   0.00000E+00   0.00000E+00   1.66667E-96
   li6   3   3   6   1.78657E-25   1.78657E-25   5.83701E-24
   li7   3   4   7   0.00000E+00   9.78043E-22   4.84801E-21
   li8   3   5   8   0.00000E+00   0.00000E+00   1.25000E-96
   be7   4   3   7   9.78042E-22   0.00000E+00   5.59201E-12
   be8   4   4   8   1.30671E-07   0.00000E+00   0.00000E+00
   be9   4   5   9   0.00000E+00   0.00000E+00   1.11111E-96
  be10   4   6  10   0.00000E+00   0.00000E+00   0.00000E+00
    b8   5   3   8   0.00000E+00   0.00000E+00   3.14700E-14
   b10   5   5  10   5.11883E-25   9.98971E-25   1.45700E-18
   b11   5   6  11   5.38493E-23   8.11056E-19   9.09091E-97
   b12   5   7  12   0.00000E+00   0.00000E+00   0.00000E+00
    c9   6   3   9   0.00000E+00   0.00000E+00   6.68001E-17
   c10   6   4  10   4.87087E-25   0.00000E+00   1.00000E-96
   c11   6   5  11   8.11001E-19   0.00000E+00   2.91800E-17
   c12   6   6  12   5.68523E-05   5.68523E-05   6.24201E-08
   c13   6   7  13   7.67131E-09   9.51193E-08   3.64200E-20
   c14   6   8  14   2.07763E-20   0.00000E+00   4.27500E-23
   n11   7   4  11   0.00000E+00   0.00000E+00   0.00000E+00
   n12   7   5  12   0.00000E+00   0.00000E+00   1.58800E-22
   n13   7   6  13   8.74478E-08   0.00000E+00   1.18700E-10
   n14   7   7  14   7.42500E-11   9.74083E-11   3.59600E-12
   n15   7   8  15   1.20897E-11   1.40368E-10   2.92800E-10
   o13   8   5  13   0.00000E+00   0.00000E+00   2.54900E-25
   o14   8   6  14   2.31583E-11   0.00000E+00   1.01700E-04
   o15   8   7  15   1.28278E-10   0.00000E+00   1.53400E-04
   o16   8   8  16   1.53311E-05   1.53311E-05   2.18200E-10
   o17   8   9  17   5.80266E-10   8.12149E-10   1.20400E-08
   o18   8  10  18   9.65048E-14   5.38625E-11   6.78501E-11
   o19   8  11  19   0.00000E+00   0.00000E+00   0.00000E+00
   o20   8  12  20   0.00000E+00   0.00000E+00   0.00000E+00
   f17   9   8  17   2.31883E-10   0.00000E+00   6.02301E-15
   f18   9   9  18   5.37660E-11   0.00000E+00   3.81800E-12
   f19   9  10  19   1.23949E-08   1.24122E-08   1.42400E-09
   f20   9  11  20   9.55823E-20   0.00000E+00   0.00000E+00
   f21   9  12  21   0.00000E+00   0.00000E+00   0.00000E+00
   f22   9  13  22   0.00000E+00   0.00000E+00   0.00000E+00
  ne15  10   5  15   0.00000E+00   0.00000E+00   0.00000E+00
  ne16  10   6  16   0.00000E+00   0.00000E+00   0.00000E+00
  ne17  10   7  17   0.00000E+00   0.00000E+00   5.88235E-97
  ne18  10   8  18   2.04476E-18   0.00000E+00   7.05601E-21
  ne19  10   9  19   1.72370E-11   0.00000E+00   3.99000E-17
  ne20  10  10  20   2.08247E-06   2.08247E-06   4.26400E-06
  ne21  10  11  21   5.04517E-08   5.04638E-08   9.77001E-09
  ne22  10  12  22   1.00992E-08   5.04699E-06   3.11800E-07
  ne23  10  13  23   1.15505E-20   0.00000E+00   4.34783E-97
  ne24  10  14  24   0.00000E+00   0.00000E+00   0.00000E+00
  na17  11   6  17   0.00000E+00   0.00000E+00   0.00000E+00
  na18  11   7  18   0.00000E+00   0.00000E+00   0.00000E+00
  na19  11   8  19   0.00000E+00   0.00000E+00   0.00000E+00
  na20  11   9  20   1.76658E-21   0.00000E+00   1.77900E-25
  na21  11  10  21   1.20117E-11   0.00000E+00   8.06401E-12
  na22  11  11  22   5.03689E-06   0.00000E+00   5.81601E-10
  na23  11  12  23   1.84295E-06   1.84538E-06   7.58201E-08
  na24  11  13  24   5.92807E-16   0.00000E+00   0.00000E+00
  na25  11  14  25   0.00000E+00   0.00000E+00   0.00000E+00
  na26  11  15  26   0.00000E+00   0.00000E+00   0.00000E+00
  na27  11  16  27   0.00000E+00   0.00000E+00   0.00000E+00
  mg19  12   7  19   0.00000E+00   0.00000E+00   0.00000E+00
  mg20  12   8  20   0.00000E+00   0.00000E+00   5.00000E-97
  mg21  12   9  21   0.00000E+00   0.00000E+00   4.76191E-97
  mg22  12  10  22   7.33729E-16   0.00000E+00   2.35300E-14
  mg23  12  11  23   2.42201E-09   0.00000E+00   5.83701E-13
  mg24  12  12  24   6.09495E-07   6.09495E-07   1.10000E-06
  mg25  12  13  25   5.75651E-07   5.76141E-07   1.42500E-07
  mg26  12  14  26   6.18023E-09   1.40443E-06   1.46200E-07
  mg27  12  15  27   1.00854E-19   0.00000E+00   0.00000E+00
  mg28  12  16  28   0.00000E+00   0.00000E+00   0.00000E+00
  mg29  12  17  29   0.00000E+00   0.00000E+00   0.00000E+00
  al21  13   8  21   0.00000E+00   0.00000E+00   0.00000E+00
  al22  13   9  22   0.00000E+00   0.00000E+00   4.54546E-97
  al23  13  10  23   0.00000E+00   0.00000E+00   7.56001E-24
  al24  13  11  24   4.06408E-19   0.00000E+00   1.00000E-20
  al25  13  12  25   4.89592E-10   0.00000E+00   2.97500E-08
  al26  13  13  26   1.39824E-06   0.00000E+00   8.99401E-11
  al27  13  14  27   5.36703E-07   5.36723E-07   1.24100E-07
  al28  13  15  28   2.12627E-16   0.00000E+00   0.00000E+00
  al29  13  16  29   0.00000E+00   0.00000E+00   0.00000E+00
  al30  13  17  30   0.00000E+00   0.00000E+00   0.00000E+00
  al31  13  18  31   0.00000E+00   0.00000E+00   0.00000E+00
  si22  14   8  22   0.00000E+00   0.00000E+00   4.54546E-97
  si23  14   9  23   0.00000E+00   0.00000E+00   4.34783E-97
  si24  14  10  24   0.00000E+00   0.00000E+00   4.16667E-97
  si25  14  11  25   0.00000E+00   0.00000E+00   4.00000E-97
  si26  14  12  26   3.35727E-18   0.00000E+00   4.14700E-13
  si27  14  13  27   1.95472E-11   0.00000E+00   4.93401E-14
  si28  14  14  28   4.79218E-07   4.79219E-07   1.22800E-06
  si29  14  15  29   5.92789E-07   5.92789E-07   6.22101E-08
  si30  14  16  30   1.74228E-06   2.34659E-06   4.13000E-08
  si31  14  17  31   4.15865E-16   0.00000E+00   0.00000E+00
  si32  14  18  32   0.00000E+00   0.00000E+00   0.00000E+00
  si33  14  19  33   0.00000E+00   0.00000E+00   0.00000E+00
  si34  14  20  34   0.00000E+00   0.00000E+00   0.00000E+00
   p23  15   8  23   0.00000E+00   0.00000E+00   0.00000E+00
   p24  15   9  24   0.00000E+00   0.00000E+00   0.00000E+00
   p25  15  10  25   0.00000E+00   0.00000E+00   0.00000E+00
   p26  15  11  26   0.00000E+00   0.00000E+00   3.84615E-97
   p27  15  12  27   1.45551E-25   0.00000E+00   2.52000E-18
   p28  15  13  28   1.10231E-19   0.00000E+00   4.69801E-19
   p29  15  14  29   7.07012E-15   0.00000E+00   2.20200E-12
   p30  15  15  30   6.04313E-07   0.00000E+00   1.10500E-11
   p31  15  16  31   2.29586E-06   2.29587E-06   1.38600E-08
   p32  15  17  32   9.80994E-16   0.00000E+00   0.00000E+00
   p33  15  18  33   3.06912E-17   0.00000E+00   0.00000E+00
   p34  15  19  34   0.00000E+00   0.00000E+00   0.00000E+00
   p35  15  20  35   0.00000E+00   0.00000E+00   0.00000E+00
   p36  15  21  36   0.00000E+00   0.00000E+00   0.00000E+00
   p37  15  22  37   0.00000E+00   0.00000E+00   0.00000E+00
   p38  15  23  38   0.00000E+00   0.00000E+00   0.00000E+00
   s24  16   8  24   0.00000E+00   0.00000E+00   0.00000E+00
   s25  16   9  25   0.00000E+00   0.00000E+00   0.00000E+00
   s26  16  10  26   0.00000E+00   0.00000E+00   0.00000E+00
   s27  16  11  27   0.00000E+00   0.00000E+00   3.70370E-97
   s28  16  12  28   0.00000E+00   0.00000E+00   3.57143E-97
   s29  16  13  29   0.00000E+00   0.00000E+00   8.36801E-25
   s30  16  14  30   1.32652E-23   0.00000E+00   1.71000E-17
   s31  16  15  31   4.39849E-15   0.00000E+00   9.03001E-17
   s32  16  16  32   4.84815E-07   4.84816E-07   6.51501E-07
   s33  16  17  33   3.93638E-07   3.93638E-07   5.14301E-09
   s34  16  18  34   1.30782E-06   1.30782E-06   2.89100E-08
   s35  16  19  35   9.12896E-16   0.00000E+00   8.52301E-24
   s36  16  20  36   7.16197E-23   7.16197E-23   1.37200E-10
   s37  16  21  37   0.00000E+00   0.00000E+00   0.00000E+00
   s38  16  22  38   0.00000E+00   0.00000E+00   0.00000E+00
   s39  16  23  39   0.00000E+00   0.00000E+00   0.00000E+00
   s40  16  24  40   0.00000E+00   0.00000E+00   0.00000E+00
   s41  16  25  41   0.00000E+00   0.00000E+00   0.00000E+00
   s42  16  26  42   0.00000E+00   0.00000E+00   0.00000E+00
  cl26  17   9  26   0.00000E+00   0.00000E+00   0.00000E+00
  cl27  17  10  27   0.00000E+00   0.00000E+00   0.00000E+00
  cl28  17  11  28   0.00000E+00   0.00000E+00   0.00000E+00
  cl29  17  12  29   0.00000E+00   0.00000E+00   0.00000E+00
  cl30  17  13  30   0.00000E+00   0.00000E+00   0.00000E+00
  cl31  17  14  31   0.00000E+00   0.00000E+00   3.22581E-97
  cl32  17  15  32   0.00000E+00   0.00000E+00   3.11700E-24
  cl33  17  16  33   4.73768E-18   0.00000E+00   6.58101E-16
  cl34  17  17  34   4.82124E-15   0.00000E+00   2.25000E-14
  cl35  17  18  35   2.69548E-06   2.69549E-06   3.81000E-09
  cl36  17  19  36   6.20471E-15   0.00000E+00   2.77778E-97
  cl37  17  20  37   5.65226E-11   8.32554E-07   1.21600E-09
  cl38  17  21  38   1.06575E-20   0.00000E+00   0.00000E+00
  cl39  17  22  39   0.00000E+00   0.00000E+00   0.00000E+00
  cl40  17  23  40   0.00000E+00   0.00000E+00   0.00000E+00
  cl41  17  24  41   0.00000E+00   0.00000E+00   0.00000E+00
  cl42  17  25  42   0.00000E+00   0.00000E+00   0.00000E+00
  cl43  17  26  43   0.00000E+00   0.00000E+00   0.00000E+00
  cl44  17  27  44   0.00000E+00   0.00000E+00   0.00000E+00
  cl45  17  28  45   0.00000E+00   0.00000E+00   0.00000E+00
  ar27  18   9  27   0.00000E+00   0.00000E+00   0.00000E+00
  ar28  18  10  28   0.00000E+00   0.00000E+00   0.00000E+00
  ar29  18  11  29   0.00000E+00   0.00000E+00   0.00000E+00
  ar30  18  12  30   0.00000E+00   0.00000E+00   0.00000E+00
  ar31  18  13  31   0.00000E+00   0.00000E+00   3.22581E-97
  ar32  18  14  32   0.00000E+00   0.00000E+00   3.12500E-97
  ar33  18  15  33   0.00000E+00   0.00000E+00   3.03030E-97
  ar34  18  16  34   0.00000E+00   0.00000E+00   3.17800E-22
  ar35  18  17  35   4.42715E-23   0.00000E+00   3.40200E-20
  ar36  18  18  36   4.49370E-07   4.49371E-07   1.13200E-07
  ar37  18  19  37   8.32496E-07   0.00000E+00   6.83101E-20
  ar38  18  20  38   3.12734E-07   8.62546E-07   2.13200E-08
  ar39  18  21  39   9.14793E-17   0.00000E+00   2.56410E-97
  ar40  18  22  40   1.98176E-22   1.98176E-22   3.46400E-11
  ar41  18  23  41   0.00000E+00   0.00000E+00   0.00000E+00
  ar42  18  24  42   0.00000E+00   0.00000E+00   0.00000E+00
  ar43  18  25  43   0.00000E+00   0.00000E+00   0.00000E+00
  ar44  18  26  44   0.00000E+00   0.00000E+00   0.00000E+00
  ar45  18  27  45   0.00000E+00   0.00000E+00   0.00000E+00
  ar46  18  28  46   0.00000E+00   0.00000E+00   0.00000E+00
  ar47  18  29  47   0.00000E+00   0.00000E+00   0.00000E+00
  ar48  18  30  48   0.00000E+00   0.00000E+00   0.00000E+00
   k29  19  10  29   0.00000E+00   0.00000E+00   0.00000E+00
   k30  19  11  30   0.00000E+00   0.00000E+00   0.00000E+00
   k31  19  12  31   0.00000E+00   0.00000E+00   0.00000E+00
   k32  19  13  32   0.00000E+00   0.00000E+00   0.00000E+00
   k33  19  14  33   0.00000E+00   0.00000E+00   0.00000E+00
   k34  19  15  34   0.00000E+00   0.00000E+00   0.00000E+00
   k35  19  16  35   0.00000E+00   0.00000E+00   2.85714E-97
   k36  19  17  36   0.00000E+00   0.00000E+00   2.77778E-97
   k37  19  18  37   1.01425E-14   0.00000E+00   5.81601E-13
   k38  19  19  38   5.49811E-07   0.00000E+00   2.63158E-97
   k39  19  20  39   2.37731E-06   2.37731E-06   4.68401E-09
   k40  19  21  40   6.68731E-15   6.68732E-15   7.30101E-12
   k41  19  22  41   1.01372E-15   5.21649E-07   3.38000E-10
   k42  19  23  42   0.00000E+00   0.00000E+00   0.00000E+00
   k43  19  24  43   0.00000E+00   0.00000E+00   0.00000E+00
   k44  19  25  44   0.00000E+00   0.00000E+00   0.00000E+00
   k45  19  26  45   0.00000E+00   0.00000E+00   0.00000E+00
   k46  19  27  46   0.00000E+00   0.00000E+00   0.00000E+00
   k47  19  28  47   0.00000E+00   0.00000E+00   0.00000E+00
   k48  19  29  48   0.00000E+00   0.00000E+00   0.00000E+00
   k49  19  30  49   0.00000E+00   0.00000E+00   0.00000E+00
  ca30  20  10  30   0.00000E+00   0.00000E+00   0.00000E+00
  ca31  20  11  31   0.00000E+00   0.00000E+00   0.00000E+00
  ca32  20  12  32   0.00000E+00   0.00000E+00   0.00000E+00
  ca33  20  13  33   0.00000E+00   0.00000E+00   0.00000E+00
  ca34  20  14  34   0.00000E+00   0.00000E+00   0.00000E+00
  ca35  20  15  35   0.00000E+00   0.00000E+00   2.85714E-97
  ca36  20  16  36   0.00000E+00   0.00000E+00   2.77778E-97
  ca37  20  17  37   0.00000E+00   0.00000E+00   2.70270E-97
  ca38  20  18  38   6.19412E-25   0.00000E+00   3.08300E-20
  ca39  20  19  39   1.08164E-16   0.00000E+00   2.56410E-97
  ca40  20  20  40   7.03972E-06   7.03973E-06   7.88701E-08
  ca41  20  21  41   5.21649E-07   0.00000E+00   7.67701E-19
  ca42  20  22  42   2.40599E-07   2.40599E-07   5.26301E-10
  ca43  20  23  43   8.33597E-09   5.68313E-07   1.09900E-10
  ca44  20  24  44   1.48089E-13   4.23789E-06   1.69900E-09
  ca45  20  25  45   2.42480E-21   0.00000E+00   0.00000E+00
  ca46  20  26  46   0.00000E+00   8.09912E-17   0.00000E+00
  ca47  20  27  47   0.00000E+00   0.00000E+00   0.00000E+00
  ca48  20  28  48   0.00000E+00   0.00000E+00   0.00000E+00
  ca49  20  29  49   0.00000E+00   0.00000E+00   0.00000E+00
  ca50  20  30  50   0.00000E+00   0.00000E+00   0.00000E+00
  sc32  21  11  32   0.00000E+00   0.00000E+00   0.00000E+00
  sc33  21  12  33   0.00000E+00   0.00000E+00   0.00000E+00
  sc34  21  13  34   0.00000E+00   0.00000E+00   0.00000E+00
  sc35  21  14  35   0.00000E+00   0.00000E+00   0.00000E+00
  sc36  21  15  36   0.00000E+00   0.00000E+00   0.00000E+00
  sc37  21  16  37   0.00000E+00   0.00000E+00   0.00000E+00
  sc38  21  17  38   0.00000E+00   0.00000E+00   0.00000E+00
  sc39  21  18  39   0.00000E+00   0.00000E+00   0.00000E+00
  sc40  21  19  40   0.00000E+00   0.00000E+00   2.50000E-97
  sc41  21  20  41   8.38874E-22   0.00000E+00   1.75800E-20
  sc42  21  21  42   2.25666E-17   0.00000E+00   2.38095E-97
  sc43  21  22  43   5.59976E-07   0.00000E+00   1.74100E-17
  sc44  21  23  44   1.04050E-11   0.00000E+00   2.81700E-18
  sc45  21  24  45   1.38520E-08   7.48980E-07   4.55600E-11
  sc46  21  25  46   8.09911E-17   0.00000E+00   0.00000E+00
  sc47  21  26  47   0.00000E+00   0.00000E+00   0.00000E+00
  sc48  21  27  48   0.00000E+00   0.00000E+00   0.00000E+00
  sc49  21  28  49   0.00000E+00   0.00000E+00   0.00000E+00
  sc50  21  29  50   0.00000E+00   0.00000E+00   0.00000E+00
  sc51  21  30  51   0.00000E+00   0.00000E+00   0.00000E+00
  ti34  22  12  34   0.00000E+00   0.00000E+00   0.00000E+00
  ti35  22  13  35   0.00000E+00   0.00000E+00   0.00000E+00
  ti36  22  14  36   0.00000E+00   0.00000E+00   0.00000E+00
  ti37  22  15  37   0.00000E+00   0.00000E+00   0.00000E+00
  ti38  22  16  38   0.00000E+00   0.00000E+00   0.00000E+00
  ti39  22  17  39   0.00000E+00   0.00000E+00   2.56410E-97
  ti40  22  18  40   0.00000E+00   0.00000E+00   2.50000E-97
  ti41  22  19  41   0.00000E+00   0.00000E+00   2.43902E-97
  ti42  22  20  42   0.00000E+00   0.00000E+00   2.38095E-97
  ti43  22  21  43   0.00000E+00   0.00000E+00   2.32558E-97
  ti44  22  22  44   4.23788E-06   0.00000E+00   2.27273E-97
  ti45  22  23  45   7.35127E-07   0.00000E+00   2.22222E-97
  ti46  22  24  46   2.61130E-07   2.61130E-07   2.55800E-10
  ti47  22  25  47   1.18802E-07   1.18178E-06   2.33200E-10
  ti48  22  26  48   6.11303E-13   2.70623E-06   2.36000E-09
  ti49  22  27  49   6.33163E-13   2.15758E-06   1.75900E-10
  ti50  22  28  50   1.43134E-20   1.43134E-20   1.73200E-10
  ti51  22  29  51   0.00000E+00   0.00000E+00   0.00000E+00
  ti52  22  30  52   0.00000E+00   0.00000E+00   0.00000E+00
  ti53  22  31  53   0.00000E+00   0.00000E+00   0.00000E+00
   v36  23  13  36   0.00000E+00   0.00000E+00   0.00000E+00
   v37  23  14  37   0.00000E+00   0.00000E+00   0.00000E+00
   v38  23  15  38   0.00000E+00   0.00000E+00   0.00000E+00
   v39  23  16  39   0.00000E+00   0.00000E+00   0.00000E+00
   v40  23  17  40   0.00000E+00   0.00000E+00   0.00000E+00
   v41  23  18  41   0.00000E+00   0.00000E+00   0.00000E+00
   v42  23  19  42   0.00000E+00   0.00000E+00   0.00000E+00
   v43  23  20  43   0.00000E+00   0.00000E+00   2.32558E-97
   v44  23  21  44   0.00000E+00   0.00000E+00   2.27273E-97
   v45  23  22  45   7.53289E-17   0.00000E+00   2.22222E-97
   v46  23  23  46   1.09307E-18   0.00000E+00   2.17391E-97
   v47  23  24  47   1.06298E-06   0.00000E+00   3.79700E-19
   v48  23  25  48   7.64119E-09   0.00000E+00   2.78900E-19
   v49  23  26  49   1.69844E-07   0.00000E+00   2.48200E-18
   v50  23  27  50   1.36305E-15   1.36305E-15   9.75201E-13
   v51  23  28  51   9.02082E-12   2.78527E-06   3.89000E-10
   v52  23  29  52   1.57249E-20   0.00000E+00   0.00000E+00
   v53  23  30  53   0.00000E+00   0.00000E+00   0.00000E+00
   v54  23  31  54   0.00000E+00   0.00000E+00   0.00000E+00
   v55  23  32  55   0.00000E+00   0.00000E+00   0.00000E+00
  cr38  24  14  38   0.00000E+00   0.00000E+00   0.00000E+00
  cr39  24  15  39   0.00000E+00   0.00000E+00   0.00000E+00
  cr40  24  16  40   0.00000E+00   0.00000E+00   0.00000E+00
  cr41  24  17  41   0.00000E+00   0.00000E+00   0.00000E+00
  cr42  24  18  42   0.00000E+00   0.00000E+00   0.00000E+00
  cr43  24  19  43   0.00000E+00   0.00000E+00   2.32558E-97
  cr44  24  20  44   0.00000E+00   0.00000E+00   2.27273E-97
  cr45  24  21  45   0.00000E+00   0.00000E+00   2.22222E-97
  cr46  24  22  46   0.00000E+00   0.00000E+00   2.17391E-97
  cr47  24  23  47   0.00000E+00   0.00000E+00   2.12766E-97
  cr48  24  24  48   2.69859E-06   0.00000E+00   2.08333E-97
  cr49  24  25  49   1.98773E-06   0.00000E+00   2.04082E-97
  cr50  24  26  50   1.14618E-06   1.14618E-06   7.82101E-10
  cr51  24  27  51   2.02460E-07   0.00000E+00   2.27600E-22
  cr52  24  28  52   1.74625E-11   1.10076E-05   1.50700E-08
  cr53  24  29  53   1.03091E-16   2.45124E-06   1.70900E-09
  cr54  24  30  54   2.13208E-20   6.66833E-15   4.25000E-10
  cr55  24  31  55   0.00000E+00   0.00000E+00   0.00000E+00
  mn40  25  15  40   0.00000E+00   0.00000E+00   0.00000E+00
  mn41  25  16  41   0.00000E+00   0.00000E+00   0.00000E+00
  mn42  25  17  42   0.00000E+00   0.00000E+00   0.00000E+00
  mn43  25  18  43   0.00000E+00   0.00000E+00   0.00000E+00
  mn44  25  19  44   0.00000E+00   0.00000E+00   0.00000E+00
  mn45  25  20  45   0.00000E+00   0.00000E+00   0.00000E+00
  mn46  25  21  46   0.00000E+00   0.00000E+00   2.17391E-97
  mn47  25  22  47   0.00000E+00   0.00000E+00   2.12766E-97
  mn48  25  23  48   0.00000E+00   0.00000E+00   2.08333E-97
  mn49  25  24  49   1.63669E-19   0.00000E+00   2.04082E-97
  mn50  25  25  50   6.16949E-20   0.00000E+00   2.00000E-97
  mn51  25  26  51   2.58280E-06   0.00000E+00   5.61101E-20
  mn52  25  27  52   7.85163E-08   0.00000E+00   1.92308E-97
  mn53  25  28  53   8.25154E-07   0.00000E+00   9.28201E-19
  mn54  25  29  54   6.66830E-15   0.00000E+00   1.00000E-19
  mn55  25  30  55   1.63119E-14   3.98242E-06   1.32600E-08
  fe42  26  16  42   0.00000E+00   0.00000E+00   0.00000E+00
  fe43  26  17  43   0.00000E+00   0.00000E+00   0.00000E+00
  fe44  26  18  44   0.00000E+00   0.00000E+00   0.00000E+00
  fe45  26  19  45   0.00000E+00   0.00000E+00   0.00000E+00
  fe46  26  20  46   0.00000E+00   0.00000E+00   2.17391E-97
  fe47  26  21  47   0.00000E+00   0.00000E+00   2.12766E-97
  fe48  26  22  48   0.00000E+00   0.00000E+00   2.08333E-97
  fe49  26  23  49   0.00000E+00   0.00000E+00   2.04082E-97
  fe50  26  24  50   0.00000E+00   0.00000E+00   2.00000E-97
  fe51  26  25  51   0.00000E+00   0.00000E+00   1.96078E-97
  fe52  26  26  52   1.09290E-05   0.00000E+00   1.92308E-97
  fe53  26  27  53   1.62609E-06   0.00000E+00   1.88679E-97
  fe54  26  28  54   1.36836E-06   1.36836E-06   6.95501E-08
  fe55  26  29  55   1.33006E-08   0.00000E+00   3.70900E-25
  fe56  26  30  56   1.24389E-13   1.77123E-05   1.09900E-06
  fe57  26  31  57   3.21733E-14   4.28738E-06   2.63800E-08
  co44  27  17  44   0.00000E+00   0.00000E+00   0.00000E+00
  co45  27  18  45   0.00000E+00   0.00000E+00   0.00000E+00
  co46  27  19  46   0.00000E+00   0.00000E+00   0.00000E+00
  co47  27  20  47   0.00000E+00   0.00000E+00   0.00000E+00
  co48  27  21  48   0.00000E+00   0.00000E+00   0.00000E+00
  co49  27  22  49   0.00000E+00   0.00000E+00   0.00000E+00
  co50  27  23  50   0.00000E+00   0.00000E+00   2.00000E-97
  co51  27  24  51   0.00000E+00   0.00000E+00   1.96078E-97
  co52  27  25  52   0.00000E+00   0.00000E+00   1.92308E-97
  co53  27  26  53   1.03354E-20   0.00000E+00   1.88679E-97
  co54  27  27  54   2.14704E-21   0.00000E+00   1.85185E-97
  co55  27  28  55   3.96911E-06   0.00000E+00   2.99100E-19
  co56  27  29  56   7.27496E-09   0.00000E+00   1.78571E-97
  co57  27  30  57   7.09199E-09   0.00000E+00   4.70501E-18
  co59  27  32  59   6.52990E-15   3.94494E-06   2.99800E-09
  ni46  28  18  46   0.00000E+00   0.00000E+00   0.00000E+00
  ni47  28  19  47   0.00000E+00   0.00000E+00   0.00000E+00
  ni48  28  20  48   0.00000E+00   0.00000E+00   0.00000E+00
  ni49  28  21  49   0.00000E+00   0.00000E+00   0.00000E+00
  ni50  28  22  50   0.00000E+00   0.00000E+00   2.00000E-97
  ni51  28  23  51   0.00000E+00   0.00000E+00   1.96078E-97
  ni52  28  24  52   0.00000E+00   0.00000E+00   1.92308E-97
  ni53  28  25  53   0.00000E+00   0.00000E+00   1.88679E-97
  ni54  28  26  54   0.00000E+00   0.00000E+00   1.85185E-97
  ni55  28  27  55   0.00000E+00   0.00000E+00   1.81818E-97
  ni56  28  28  56   1.77050E-05   0.00000E+00   1.78571E-97
  ni57  28  29  57   4.28028E-06   0.00000E+00   1.75439E-97
  ni58  28  30  58   1.06745E-06   1.06745E-06   4.49000E-08
  ni59  28  31  59   3.65212E-06   0.00000E+00   3.10900E-25
  ni60  28  32  60   1.38173E-05   1.99990E-04   1.71900E-08
  ni61  28  33  61   2.65662E-08   2.42228E-06   7.42101E-10
  ni62  28  34  62   1.14728E-09   1.08784E-06   1.55900E-09
  cu48  29  19  48   0.00000E+00   0.00000E+00   0.00000E+00
  cu49  29  20  49   0.00000E+00   0.00000E+00   0.00000E+00
  cu50  29  21  50   0.00000E+00   0.00000E+00   0.00000E+00
  cu51  29  22  51   0.00000E+00   0.00000E+00   0.00000E+00
  cu52  29  23  52   0.00000E+00   0.00000E+00   0.00000E+00
  cu53  29  24  53   0.00000E+00   0.00000E+00   0.00000E+00
  cu54  29  25  54   0.00000E+00   0.00000E+00   0.00000E+00
  cu55  29  26  55   0.00000E+00   0.00000E+00   0.00000E+00
  cu56  29  27  56   0.00000E+00   0.00000E+00   1.78571E-97
  cu57  29  28  57   5.84686E-20   0.00000E+00   1.75439E-97
  cu58  29  29  58   8.11043E-21   0.00000E+00   1.72414E-97
  cu59  29  30  59   2.92813E-07   0.00000E+00   1.36700E-20
  cu60  29  31  60   1.41324E-04   0.00000E+00   1.66667E-97
  cu61  29  32  61   2.17125E-06   0.00000E+00   6.15501E-21
  cu62  29  33  62   5.84088E-09   0.00000E+00   3.80400E-22
  cu63  29  34  63   4.01275E-07   5.28881E-06   4.81001E-10
  cu65  29  36  65   1.75175E-10   2.03428E-04   2.14500E-10
  zn51  30  21  51   0.00000E+00   0.00000E+00   0.00000E+00
  zn52  30  22  52   0.00000E+00   0.00000E+00   0.00000E+00
  zn53  30  23  53   0.00000E+00   0.00000E+00   0.00000E+00
  zn54  30  24  54   0.00000E+00   0.00000E+00   0.00000E+00
  zn55  30  25  55   0.00000E+00   0.00000E+00   1.81818E-97
  zn56  30  26  56   0.00000E+00   0.00000E+00   1.78571E-97
  zn57  30  27  57   0.00000E+00   0.00000E+00   1.75439E-97
  zn58  30  28  58   0.00000E+00   0.00000E+00   1.72414E-97
  zn59  30  29  59   0.00000E+00   0.00000E+00   1.69492E-97
  zn60  30  30  60   4.48485E-05   0.00000E+00   1.66667E-97
  zn61  30  31  61   2.24464E-07   0.00000E+00   1.63934E-97
  zn62  30  32  62   1.08085E-06   0.00000E+00   1.61290E-97
  zn63  30  33  63   4.87968E-06   0.00000E+00   1.58730E-97
  zn64  30  34  64   1.60857E-03   2.69292E-03   8.16701E-10
  zn65  30  35  65   3.72748E-05   0.00000E+00   1.53846E-97
  zn66  30  36  66   6.55815E-09   7.59427E-05   4.69001E-10
  zn67  30  37  67   5.34719E-09   1.10730E-04   6.88801E-11
  zn68  30  38  68   1.25065E-10   2.12893E-03   3.14400E-10
  ga53  31  22  53   0.00000E+00   0.00000E+00   0.00000E+00
  ga54  31  23  54   0.00000E+00   0.00000E+00   0.00000E+00
  ga55  31  24  55   0.00000E+00   0.00000E+00   0.00000E+00
  ga56  31  25  56   0.00000E+00   0.00000E+00   0.00000E+00
  ga57  31  26  57   0.00000E+00   0.00000E+00   0.00000E+00
  ga58  31  27  58   0.00000E+00   0.00000E+00   0.00000E+00
  ga59  31  28  59   0.00000E+00   0.00000E+00   0.00000E+00
  ga60  31  29  60   0.00000E+00   0.00000E+00   1.66667E-97
  ga61  31  30  61   2.27479E-23   0.00000E+00   1.63934E-97
  ga62  31  31  62   1.47414E-24   0.00000E+00   1.61290E-97
  ga63  31  32  63   7.84704E-09   0.00000E+00   1.58730E-97
  ga64  31  33  64   9.92687E-04   0.00000E+00   1.56250E-97
  ga65  31  34  65   1.65940E-04   0.00000E+00   4.46300E-23
  ga66  31  35  66   2.01832E-06   0.00000E+00   1.51515E-97
  ga67  31  36  67   1.58037E-05   0.00000E+00   3.90000E-23
  ga68  31  37  68   7.05143E-09   0.00000E+00   5.91301E-24
  ga69  31  38  69   6.07913E-08   4.48992E-04   3.02400E-11
  ga71  31  40  71   2.58690E-12   1.48203E-04   2.01200E-11
  ge55  32  23  55   0.00000E+00   0.00000E+00   0.00000E+00
  ge56  32  24  56   0.00000E+00   0.00000E+00   0.00000E+00
  ge57  32  25  57   0.00000E+00   0.00000E+00   0.00000E+00
  ge58  32  26  58   0.00000E+00   0.00000E+00   0.00000E+00
  ge59  32  27  59   0.00000E+00   0.00000E+00   1.69492E-97
  ge60  32  28  60   0.00000E+00   0.00000E+00   1.66667E-97
  ge61  32  29  61   0.00000E+00   0.00000E+00   1.63934E-97
  ge62  32  30  62   0.00000E+00   0.00000E+00   1.61290E-97
  ge63  32  31  63   0.00000E+00   0.00000E+00   1.58730E-97
  ge64  32  32  64   9.16599E-05   0.00000E+00   1.56250E-97
  ge65  32  33  65   2.12358E-07   0.00000E+00   1.53846E-97
  ge66  32  34  66   7.39178E-05   0.00000E+00   1.51515E-97
  ge67  32  35  67   9.42043E-05   0.00000E+00   1.49254E-97
  ge68  32  36  68   1.47039E-03   0.00000E+00   1.47059E-97
  ge69  32  37  69   8.44924E-05   0.00000E+00   1.44928E-97
  ge70  32  38  70   3.59784E-07   1.21618E-04   3.25100E-11
  ge71  32  39  71   3.54656E-08   0.00000E+00   1.40845E-97
  ge72  32  40  72   1.54922E-10   9.66564E-04   4.34300E-11
  ge73  32  41  73   1.25012E-11   4.42986E-04   1.23600E-11
  as57  33  24  57   0.00000E+00   0.00000E+00   0.00000E+00
  as58  33  25  58   0.00000E+00   0.00000E+00   0.00000E+00
  as59  33  26  59   0.00000E+00   0.00000E+00   0.00000E+00
  as60  33  27  60   0.00000E+00   0.00000E+00   0.00000E+00
  as61  33  28  61   0.00000E+00   0.00000E+00   0.00000E+00
  as62  33  29  62   0.00000E+00   0.00000E+00   0.00000E+00
  as63  33  30  63   0.00000E+00   0.00000E+00   0.00000E+00
  as64  33  31  64   0.00000E+00   0.00000E+00   1.56250E-97
  as65  33  32  65   5.07754E-23   0.00000E+00   1.53846E-97
  as66  33  33  66   1.01530E-25   0.00000E+00   1.51515E-97
  as67  33  34  67   7.16876E-07   0.00000E+00   1.49254E-97
  as68  33  35  68   6.53645E-04   0.00000E+00   1.47059E-97
  as69  33  36  69   3.64254E-04   0.00000E+00   1.44928E-97
  as70  33  37  70   1.00089E-05   0.00000E+00   1.42857E-97
  as71  33  38  71   7.41151E-05   0.00000E+00   1.79500E-25
  as72  33  39  72   1.76423E-07   0.00000E+00   1.38889E-97
  as73  33  40  73   1.19634E-06   0.00000E+00   4.93601E-25
  as75  33  42  75   1.38662E-11   1.78367E-04   8.74001E-12
  se59  34  25  59   0.00000E+00   0.00000E+00   0.00000E+00
  se60  34  26  60   0.00000E+00   0.00000E+00   0.00000E+00
  se61  34  27  61   0.00000E+00   0.00000E+00   0.00000E+00
  se62  34  28  62   0.00000E+00   0.00000E+00   0.00000E+00
  se63  34  29  63   0.00000E+00   0.00000E+00   0.00000E+00
  se64  34  30  64   0.00000E+00   0.00000E+00   0.00000E+00
  se65  34  31  65   0.00000E+00   0.00000E+00   1.53846E-97
  se66  34  32  66   0.00000E+00   0.00000E+00   1.51515E-97
  se67  34  33  67   0.00000E+00   0.00000E+00   1.49254E-97
  se68  34  34  68   4.88620E-06   0.00000E+00   1.47059E-97
  se69  34  35  69   1.84355E-07   0.00000E+00   1.44928E-97
  se70  34  36  70   1.11249E-04   0.00000E+00   1.42857E-97
  se71  34  37  71   7.40454E-05   0.00000E+00   1.40845E-97
  se72  34  38  72   8.91834E-04   0.00000E+00   1.38889E-97
  se73  34  39  73   2.68110E-04   0.00000E+00   1.36986E-97
  se74  34  40  74   3.00203E-06   1.46744E-04   7.32801E-13
  se75  34  41  75   1.92478E-06   0.00000E+00   1.33333E-97
  se76  34  42  76   2.20629E-09   3.99477E-04   7.46101E-12
  se77  34  43  77   1.93212E-09   2.98248E-04   6.26201E-12
  br61  35  26  61   0.00000E+00   0.00000E+00   0.00000E+00
  br62  35  27  62   0.00000E+00   0.00000E+00   0.00000E+00
  br63  35  28  63   0.00000E+00   0.00000E+00   0.00000E+00
  br64  35  29  64   0.00000E+00   0.00000E+00   0.00000E+00
  br65  35  30  65   0.00000E+00   0.00000E+00   0.00000E+00
  br66  35  31  66   0.00000E+00   0.00000E+00   0.00000E+00
  br67  35  32  67   0.00000E+00   0.00000E+00   0.00000E+00
  br68  35  33  68   0.00000E+00   0.00000E+00   0.00000E+00
  br69  35  34  69   0.00000E+00   0.00000E+00   0.00000E+00
  br70  35  35  70   0.00000E+00   0.00000E+00   1.42857E-97
  br71  35  36  71   6.73876E-09   0.00000E+00   1.40845E-97
  br72  35  37  72   7.45486E-05   0.00000E+00   1.38889E-97
  br73  35  38  73   1.73519E-04   0.00000E+00   1.36986E-97
  br74  35  39  74   3.75679E-05   0.00000E+00   1.35135E-97
  br75  35  40  75   9.51887E-05   0.00000E+00   1.33333E-97
  br76  35  41  76   1.35267E-06   0.00000E+00   1.31579E-97
  br77  35  42  77   5.04387E-06   0.00000E+00   1.29870E-97
  br79  35  44  79   1.09432E-08   2.32939E-04   7.96701E-12
  br81  35  46  81   1.34845E-18   2.48501E-04   7.75401E-12
  kr63  36  27  63   0.00000E+00   0.00000E+00   0.00000E+00
  kr64  36  28  64   0.00000E+00   0.00000E+00   0.00000E+00
  kr65  36  29  65   0.00000E+00   0.00000E+00   0.00000E+00
  kr66  36  30  66   0.00000E+00   0.00000E+00   0.00000E+00
  kr67  36  31  67   0.00000E+00   0.00000E+00   1.49254E-97
  kr68  36  32  68   0.00000E+00   0.00000E+00   1.47059E-97
  kr69  36  33  69   0.00000E+00   0.00000E+00   1.44928E-97
  kr70  36  34  70   0.00000E+00   0.00000E+00   1.42857E-97
  kr71  36  35  71   0.00000E+00   0.00000E+00   1.40845E-97
  kr72  36  36  72   3.33446E-09   0.00000E+00   1.38889E-97
  kr73  36  37  73   1.60334E-07   0.00000E+00   1.36986E-97
  kr74  36  38  74   1.06174E-04   0.00000E+00   1.35135E-97
  kr75  36  39  75   8.12516E-05   0.00000E+00   1.33333E-97
  kr76  36  40  76   3.96956E-04   0.00000E+00   1.31579E-97
  kr77  36  41  77   1.77793E-04   0.00000E+00   1.29870E-97
  kr78  36  42  78   2.37195E-05   2.65454E-04   2.03800E-13
  kr79  36  43  79   1.68955E-05   0.00000E+00   1.26582E-97
  kr80  36  44  80   6.54529E-06   2.59423E-04   1.33100E-12
  kr81  36  45  81   1.51325E-07   0.00000E+00   1.23457E-97
  kr82  36  46  82   2.34005E-08   4.21472E-04   6.86101E-12
  kr83  36  47  83   9.27628E-13   2.93007E-04   6.87501E-12
  rb66  37  29  66   0.00000E+00   0.00000E+00   0.00000E+00
  rb67  37  30  67   0.00000E+00   0.00000E+00   0.00000E+00
  rb68  37  31  68   0.00000E+00   0.00000E+00   0.00000E+00
  rb69  37  32  69   0.00000E+00   0.00000E+00   0.00000E+00
  rb70  37  33  70   0.00000E+00   0.00000E+00   0.00000E+00
  rb71  37  34  71   0.00000E+00   0.00000E+00   0.00000E+00
  rb72  37  35  72   0.00000E+00   0.00000E+00   0.00000E+00
  rb73  37  36  73   0.00000E+00   0.00000E+00   0.00000E+00
  rb74  37  37  74   0.00000E+00   0.00000E+00   1.35135E-97
  rb75  37  38  75   2.08833E-09   0.00000E+00   1.33333E-97
  rb76  37  39  76   1.16525E-06   0.00000E+00   1.31579E-97
  rb77  37  40  77   1.15409E-04   0.00000E+00   1.29870E-97
  rb78  37  41  78   1.75143E-04   0.00000E+00   1.28205E-97
  rb79  37  42  79   1.66877E-04   0.00000E+00   1.26582E-97
  rb80  37  43  80   1.31398E-06   0.00000E+00   1.25000E-97
  rb81  37  44  81   2.69674E-05   0.00000E+00   1.23457E-97
  rb82  37  45  82   1.31705E-08   0.00000E+00   1.21951E-97
  rb83  37  46  83   9.67103E-08   0.00000E+00   1.20482E-97
  rb85  37  48  85   1.76036E-11   3.04734E-04   6.82101E-12
  sr68  38  30  68   0.00000E+00   0.00000E+00   0.00000E+00
  sr69  38  31  69   0.00000E+00   0.00000E+00   0.00000E+00
  sr70  38  32  70   0.00000E+00   0.00000E+00   0.00000E+00
  sr71  38  33  71   0.00000E+00   0.00000E+00   0.00000E+00
  sr72  38  34  72   0.00000E+00   0.00000E+00   1.38889E-97
  sr73  38  35  73   0.00000E+00   0.00000E+00   1.36986E-97
  sr74  38  36  74   0.00000E+00   0.00000E+00   1.35135E-97
  sr75  38  37  75   0.00000E+00   0.00000E+00   1.33333E-97
  sr76  38  38  76   1.00133E-15   0.00000E+00   1.31579E-97
  sr77  38  39  77   2.04852E-14   0.00000E+00   1.29870E-97
  sr78  38  40  78   6.65906E-05   0.00000E+00   1.28205E-97
  sr79  38  41  79   4.91552E-05   0.00000E+00   1.26582E-97
  sr80  38  42  80   2.51401E-04   0.00000E+00   1.25000E-97
  sr81  38  43  81   2.10704E-04   0.00000E+00   1.23457E-97
  sr82  38  44  82   4.20952E-04   0.00000E+00   1.21951E-97
  sr83  38  45  83   1.04932E-04   0.00000E+00   1.20482E-97
  sr84  38  46  84   1.69123E-06   2.62850E-04   1.75900E-13
  sr85  38  47  85   1.30664E-06   0.00000E+00   1.17647E-97
  sr86  38  48  86   1.56373E-09   3.69052E-04   3.09100E-12
  sr87  38  49  87   9.38521E-10   2.49860E-04   2.01200E-12
  sr88  38  50  88   1.15985E-15   2.70542E-04   2.58600E-11
   y70  39  31  70   0.00000E+00   0.00000E+00   0.00000E+00
   y71  39  32  71   0.00000E+00   0.00000E+00   0.00000E+00
   y72  39  33  72   0.00000E+00   0.00000E+00   0.00000E+00
   y73  39  34  73   0.00000E+00   0.00000E+00   0.00000E+00
   y74  39  35  74   0.00000E+00   0.00000E+00   0.00000E+00
   y75  39  36  75   0.00000E+00   0.00000E+00   0.00000E+00
   y76  39  37  76   0.00000E+00   0.00000E+00   0.00000E+00
   y77  39  38  77   0.00000E+00   0.00000E+00   1.29870E-97
   y78  39  39  78   0.00000E+00   0.00000E+00   1.28205E-97
   y79  39  40  79   9.14194E-11   0.00000E+00   1.26582E-97
   y80  39  41  80   1.62739E-07   0.00000E+00   1.25000E-97
   y81  39  42  81   1.06787E-05   0.00000E+00   1.23457E-97
   y82  39  43  82   1.25275E-07   0.00000E+00   1.21951E-97
   y83  39  44  83   1.86805E-04   0.00000E+00   1.20482E-97
   y84  39  45  84   3.39003E-05   0.00000E+00   1.19048E-97
   y85  39  46  85   1.08663E-04   0.00000E+00   1.17647E-97
   y86  39  47  86   9.12214E-07   0.00000E+00   1.16279E-97
   y87  39  48  87   3.31181E-06   0.00000E+00   1.14943E-97
   y88  39  49  88   1.69704E-10   0.00000E+00   1.13636E-97
   y89  39  50  89   1.16581E-09   2.30939E-04   6.18201E-12
  zr72  40  32  72   0.00000E+00   0.00000E+00   0.00000E+00
  zr73  40  33  73   0.00000E+00   0.00000E+00   0.00000E+00
  zr74  40  34  74   0.00000E+00   0.00000E+00   0.00000E+00
  zr75  40  35  75   0.00000E+00   0.00000E+00   0.00000E+00
  zr76  40  36  76   0.00000E+00   0.00000E+00   1.31579E-97
  zr77  40  37  77   0.00000E+00   0.00000E+00   1.29870E-97
  zr78  40  38  78   0.00000E+00   0.00000E+00   1.28205E-97
  zr79  40  39  79   0.00000E+00   0.00000E+00   1.26582E-97
  zr80  40  40  80   1.00940E-23   0.00000E+00   1.25000E-97
  zr81  40  41  81   1.13832E-20   0.00000E+00   1.23457E-97
  zr82  40  42  82   3.57714E-07   0.00000E+00   1.21951E-97
  zr83  40  43  83   1.17270E-06   0.00000E+00   1.20482E-97
  zr84  40  44  84   2.27259E-04   0.00000E+00   1.19048E-97
  zr85  40  45  85   1.94759E-04   0.00000E+00   1.17647E-97
  zr86  40  46  86   3.39598E-04   0.00000E+00   1.16279E-97
  zr87  40  47  87   1.52978E-04   0.00000E+00   1.14943E-97
  zr88  40  48  88   1.43167E-05   0.00000E+00   1.13636E-97
  zr89  40  49  89   3.78399E-06   0.00000E+00   1.12360E-97
  zr90  40  50  90   5.55155E-09   2.20112E-04   7.82101E-12
  zr91  40  51  91   9.49756E-14   2.24786E-04   1.70500E-12
  nb74  41  33  74   0.00000E+00   0.00000E+00   0.00000E+00
  nb75  41  34  75   0.00000E+00   0.00000E+00   0.00000E+00
  nb76  41  35  76   0.00000E+00   0.00000E+00   0.00000E+00
  nb77  41  36  77   0.00000E+00   0.00000E+00   0.00000E+00
  nb78  41  37  78   0.00000E+00   0.00000E+00   0.00000E+00
  nb79  41  38  79   0.00000E+00   0.00000E+00   0.00000E+00
  nb80  41  39  80   0.00000E+00   0.00000E+00   0.00000E+00
  nb81  41  40  81   0.00000E+00   0.00000E+00   0.00000E+00
  nb82  41  41  82   0.00000E+00   0.00000E+00   1.21951E-97
  nb83  41  42  83   0.00000E+00   0.00000E+00   1.20482E-97
  nb84  41  43  84   3.58807E-14   0.00000E+00   1.19048E-97
  nb85  41  44  85   4.93244E-09   0.00000E+00   1.17647E-97
  nb86  41  45  86   2.85377E-05   0.00000E+00   1.16279E-97
  nb87  41  46  87   9.35688E-05   0.00000E+00   1.14943E-97
  nb88  41  47  88   9.15549E-05   0.00000E+00   1.13636E-97
  nb89  41  48  89   1.87839E-04   0.00000E+00   1.12360E-97
  nb90  41  49  90   2.51296E-06   0.00000E+00   1.11111E-97
  nb91  41  50  91   2.26628E-05   0.00000E+00   1.09890E-97
  nb93  41  52  93   1.98777E-15   1.43355E-04   9.29901E-13
  mo77  42  35  77   0.00000E+00   0.00000E+00   0.00000E+00
  mo78  42  36  78   0.00000E+00   0.00000E+00   0.00000E+00
  mo79  42  37  79   0.00000E+00   0.00000E+00   0.00000E+00
  mo80  42  38  80   0.00000E+00   0.00000E+00   1.25000E-97
  mo81  42  39  81   0.00000E+00   0.00000E+00   1.23457E-97
  mo82  42  40  82   0.00000E+00   0.00000E+00   1.21951E-97
  mo83  42  41  83   0.00000E+00   0.00000E+00   1.20482E-97
  mo84  42  42  84   0.00000E+00   0.00000E+00   1.19048E-97
  mo85  42  43  85   0.00000E+00   0.00000E+00   1.17647E-97
  mo86  42  44  86   1.64321E-09   0.00000E+00   1.16279E-97
  mo87  42  45  87   2.66522E-11   0.00000E+00   1.14943E-97
  mo88  42  46  88   1.64670E-04   0.00000E+00   1.13636E-97
  mo89  42  47  89   3.93141E-05   0.00000E+00   1.12360E-97
  mo90  42  48  90   2.17593E-04   0.00000E+00   1.11111E-97
  mo91  42  49  91   1.38208E-04   0.00000E+00   1.09890E-97
  mo92  42  50  92   8.40434E-05   2.97412E-04   5.03601E-13
  mo93  42  51  93   2.54143E-06   0.00000E+00   1.07527E-97
  mo94  42  52  94   3.88069E-08   1.12412E-04   3.14400E-13
  mo95  42  53  95   1.16462E-09   7.29727E-05   5.40901E-13
  mo97  42  55  97   2.00890E-22   2.00890E-22   3.25100E-13
  tc79  43  36  79   0.00000E+00   0.00000E+00   0.00000E+00
  tc80  43  37  80   0.00000E+00   0.00000E+00   0.00000E+00
  tc81  43  38  81   0.00000E+00   0.00000E+00   0.00000E+00
  tc82  43  39  82   0.00000E+00   0.00000E+00   0.00000E+00
  tc83  43  40  83   0.00000E+00   0.00000E+00   0.00000E+00
  tc84  43  41  84   0.00000E+00   0.00000E+00   0.00000E+00
  tc85  43  42  85   0.00000E+00   0.00000E+00   0.00000E+00
  tc86  43  43  86   0.00000E+00   0.00000E+00   1.16279E-97
  tc87  43  44  87   0.00000E+00   0.00000E+00   1.14943E-97
  tc88  43  45  88   0.00000E+00   0.00000E+00   1.13636E-97
  tc89  43  46  89   3.87329E-12   0.00000E+00   1.12360E-97
  tc90  43  47  90   1.17831E-13   0.00000E+00   1.11111E-97
  tc91  43  48  91   6.39145E-05   0.00000E+00   1.09890E-97
  tc92  43  49  92   1.17473E-04   0.00000E+00   1.08696E-97
  tc93  43  50  93   1.37898E-04   0.00000E+00   1.07527E-97
  tc94  43  51  94   6.49933E-06   0.00000E+00   1.06383E-97
  tc95  43  52  95   9.47717E-07   0.00000E+00   1.05263E-97
  tc97  43  54  97   4.12209E-10   2.08491E-05   1.03093E-97
  ru81  44  37  81   0.00000E+00   0.00000E+00   0.00000E+00
  ru82  44  38  82   0.00000E+00   0.00000E+00   0.00000E+00
  ru83  44  39  83   0.00000E+00   0.00000E+00   0.00000E+00
  ru84  44  40  84   0.00000E+00   0.00000E+00   0.00000E+00
  ru85  44  41  85   0.00000E+00   0.00000E+00   0.00000E+00
  ru86  44  42  86   0.00000E+00   0.00000E+00   1.16279E-97
  ru87  44  43  87   0.00000E+00   0.00000E+00   1.14943E-97
  ru88  44  44  88   0.00000E+00   0.00000E+00   1.13636E-97
  ru89  44  45  89   0.00000E+00   0.00000E+00   1.12360E-97
  ru90  44  46  90   3.44047E-13   0.00000E+00   1.11111E-97
  ru91  44  47  91   3.32230E-17   0.00000E+00   1.09890E-97
  ru92  44  48  92   9.58953E-05   0.00000E+00   1.08696E-97
  ru93  44  49  93   2.91528E-06   0.00000E+00   1.07527E-97
  ru94  44  50  94   1.03265E-04   0.00000E+00   1.06383E-97
  ru95  44  51  95   3.97011E-05   0.00000E+00   1.05263E-97
  ru96  44  52  96   1.34148E-05   6.29463E-05   1.37200E-13
  ru97  44  53  97   1.11925E-06   0.00000E+00   1.03093E-97
  ru98  44  54  98   3.84617E-07   1.12673E-05   4.66301E-14
  ru99  44  55  99   4.17088E-11   5.64555E-06   3.14400E-13
 ru100  44  56 100   1.65464E-12   3.62657E-06   3.11800E-13
 ru101  44  57 101   4.68542E-16   6.88574E-07   4.21000E-13
  rh83  45  38  83   0.00000E+00   0.00000E+00   0.00000E+00
  rh84  45  39  84   0.00000E+00   0.00000E+00   0.00000E+00
  rh85  45  40  85   0.00000E+00   0.00000E+00   0.00000E+00
  rh86  45  41  86   0.00000E+00   0.00000E+00   0.00000E+00
  rh87  45  42  87   0.00000E+00   0.00000E+00   0.00000E+00
  rh88  45  43  88   0.00000E+00   0.00000E+00   0.00000E+00
  rh89  45  44  89   0.00000E+00   0.00000E+00   1.12360E-97
  rh90  45  45  90   0.00000E+00   0.00000E+00   1.11111E-97
  rh91  45  46  91   0.00000E+00   0.00000E+00   1.09890E-97
  rh92  45  47  92   0.00000E+00   0.00000E+00   1.08696E-97
  rh93  45  48  93   5.54229E-13   0.00000E+00   1.07527E-97
  rh94  45  49  94   2.60858E-06   0.00000E+00   1.06383E-97
  rh95  45  50  95   3.23226E-05   0.00000E+00   1.05263E-97
  rh96  45  51  96   4.16900E-05   0.00000E+00   1.04167E-97
  rh97  45  52  97   1.38094E-05   0.00000E+00   1.03093E-97
  rh98  45  53  98   1.63411E-06   0.00000E+00   1.02041E-97
  rh99  45  54  99   5.84966E-07   0.00000E+00   1.01010E-97
 rh100  45  55 100   1.38168E-09   0.00000E+00   1.00000E-97
 rh101  45  56 101   6.22389E-10   0.00000E+00   9.90099E-98
 rh103  45  58 103   6.63881E-14   1.00934E-07   5.32901E-13
  pd86  46  40  86   0.00000E+00   0.00000E+00   0.00000E+00
  pd87  46  41  87   0.00000E+00   0.00000E+00   0.00000E+00
  pd88  46  42  88   0.00000E+00   0.00000E+00   1.13636E-97
  pd89  46  43  89   0.00000E+00   0.00000E+00   1.12360E-97
  pd90  46  44  90   0.00000E+00   0.00000E+00   1.11111E-97
  pd91  46  45  91   0.00000E+00   0.00000E+00   1.09890E-97
  pd92  46  46  92   0.00000E+00   0.00000E+00   1.08696E-97
  pd93  46  47  93   0.00000E+00   0.00000E+00   1.07527E-97
  pd94  46  48  94   8.96031E-16   0.00000E+00   1.06383E-97
  pd95  46  49  95   6.33949E-24   0.00000E+00   1.05263E-97
  pd96  46  50  96   7.84133E-06   0.00000E+00   1.04167E-97
  pd97  46  51  97   5.91915E-06   0.00000E+00   1.03093E-97
  pd98  46  52  98   9.19389E-06   0.00000E+00   1.02041E-97
  pd99  46  53  99   4.29181E-06   0.00000E+00   1.01010E-97
 pd100  46  54 100   2.95702E-06   0.00000E+00   1.00000E-97
 pd101  46  55 101   1.66312E-07   0.00000E+00   9.90099E-98
 pd102  46  56 102   2.26090E-08   2.54190E-07   1.66500E-14
 pd103  46  57 103   1.16622E-09   0.00000E+00   9.70874E-98
 pd104  46  58 104   3.31731E-11   2.93988E-08   1.90500E-13
 pd105  46  59 105   2.11133E-15   3.69676E-09   3.85000E-13
  ag88  47  41  88   0.00000E+00   0.00000E+00   0.00000E+00
  ag89  47  42  89   0.00000E+00   0.00000E+00   0.00000E+00
  ag90  47  43  90   0.00000E+00   0.00000E+00   0.00000E+00
  ag91  47  44  91   0.00000E+00   0.00000E+00   0.00000E+00
  ag92  47  45  92   0.00000E+00   0.00000E+00   0.00000E+00
  ag93  47  46  93   0.00000E+00   0.00000E+00   1.07527E-97
  ag94  47  47  94   0.00000E+00   0.00000E+00   1.06383E-97
  ag95  47  48  95   0.00000E+00   0.00000E+00   1.05263E-97
  ag96  47  49  96   0.00000E+00   0.00000E+00   1.04167E-97
  ag97  47  50  97   8.75176E-10   0.00000E+00   1.03093E-97
  ag98  47  51  98   5.46541E-08   0.00000E+00   1.02041E-97
  ag99  47  52  99   7.68721E-07   0.00000E+00   1.01010E-97
 ag100  47  53 100   6.51008E-07   0.00000E+00   1.00000E-97
 ag101  47  54 101   4.94809E-07   0.00000E+00   9.90099E-98
 ag102  47  55 102   1.13105E-07   0.00000E+00   9.80392E-98
 ag103  47  56 103   3.66032E-08   0.00000E+00   9.70874E-98
 ag104  47  57 104   1.30884E-09   0.00000E+00   9.61539E-98
 ag105  47  58 105   8.31187E-11   0.00000E+00   9.52381E-98
 ag107  47  60 107   3.92501E-15   1.38307E-11   3.14400E-13
 ag109  47  62 109   2.94520E-22   6.52683E-14   2.98400E-13
  cd90  48  42  90   0.00000E+00   0.00000E+00   0.00000E+00
  cd91  48  43  91   0.00000E+00   0.00000E+00   0.00000E+00
  cd92  48  44  92   0.00000E+00   0.00000E+00   1.08696E-97
  cd93  48  45  93   0.00000E+00   0.00000E+00   1.07527E-97
  cd94  48  46  94   0.00000E+00   0.00000E+00   1.06383E-97
  cd95  48  47  95   0.00000E+00   0.00000E+00   1.05263E-97
  cd96  48  48  96   0.00000E+00   0.00000E+00   1.04167E-97
  cd97  48  49  97   0.00000E+00   0.00000E+00   1.03093E-97
  cd98  48  50  98   1.87134E-17   0.00000E+00   1.02041E-97
  cd99  48  51  99   6.92534E-13   0.00000E+00   1.01010E-97
 cd100  48  52 100   1.71489E-08   0.00000E+00   1.00000E-97
 cd101  48  53 101   2.68302E-08   0.00000E+00   9.90099E-98
 cd102  48  54 102   1.18473E-07   0.00000E+00   9.80392E-98
 cd103  48  55 103   6.15809E-08   0.00000E+00   9.70874E-98
 cd104  48  56 104   2.53107E-08   0.00000E+00   9.61539E-98
 cd105  48  57 105   1.93702E-09   0.00000E+00   9.52381E-98
 cd106  48  58 106   8.63183E-11   2.49946E-10   2.50500E-14
 cd107  48  59 107   8.92605E-13   0.00000E+00   9.34580E-98
 cd108  48  60 108   1.21459E-14   8.47918E-13   1.81200E-14
 cd109  48  61 109   1.30445E-16   0.00000E+00   9.17431E-98
 cd110  48  62 110   1.37509E-18   1.05011E-14   2.55800E-13
 cd111  48  63 111   2.25403E-19   4.64816E-15   0.00000E+00
  in92  49  43  92   0.00000E+00   0.00000E+00   0.00000E+00
  in93  49  44  93   0.00000E+00   0.00000E+00   0.00000E+00
  in94  49  45  94   0.00000E+00   0.00000E+00   0.00000E+00
  in95  49  46  95   0.00000E+00   0.00000E+00   0.00000E+00
  in96  49  47  96   0.00000E+00   0.00000E+00   0.00000E+00
  in97  49  48  97   0.00000E+00   0.00000E+00   0.00000E+00
  in98  49  49  98   0.00000E+00   0.00000E+00   1.02041E-97
  in99  49  50  99   0.00000E+00   0.00000E+00   1.01010E-97
 in100  49  51 100   4.07101E-24   0.00000E+00   1.00000E-97
 in101  49  52 101   5.41139E-15   0.00000E+00   9.90099E-98
 in102  49  53 102   2.77181E-12   0.00000E+00   9.80392E-98
 in103  49  54 103   1.58392E-09   0.00000E+00   9.70874E-98
 in104  49  55 104   2.74598E-09   0.00000E+00   9.61539E-98
 in105  49  56 105   1.67561E-09   0.00000E+00   9.52381E-98
 in106  49  57 106   1.39794E-10   0.00000E+00   9.43396E-98
 in107  49  58 107   9.95954E-12   0.00000E+00   9.34580E-98
 in108  49  59 108   2.86507E-13   0.00000E+00   9.25926E-98
 in109  49  60 109   1.40098E-14   0.00000E+00   9.17431E-98
 in110  49  61 110   1.81648E-16   0.00000E+00   9.09091E-98
 in111  49  62 111   4.46233E-16   0.00000E+00   9.00901E-98
 in113  49  64 113   4.57384E-21   8.75514E-16   1.06600E-14
  sn94  50  44  94   0.00000E+00   0.00000E+00   0.00000E+00
  sn95  50  45  95   0.00000E+00   0.00000E+00   0.00000E+00
  sn96  50  46  96   0.00000E+00   0.00000E+00   1.04167E-97
  sn97  50  47  97   0.00000E+00   0.00000E+00   1.03093E-97
  sn98  50  48  98   0.00000E+00   0.00000E+00   1.02041E-97
  sn99  50  49  99   0.00000E+00   0.00000E+00   1.01010E-97
 sn100  50  50 100   0.00000E+00   0.00000E+00   1.00000E-97
 sn101  50  51 101   0.00000E+00   0.00000E+00   9.90099E-98
 sn102  50  52 102   0.00000E+00   0.00000E+00   9.80392E-98
 sn103  50  53 103   3.35242E-23   0.00000E+00   9.70874E-98
 sn104  50  54 104   6.78285E-14   0.00000E+00   9.61539E-98
 sn105  50  55 105   1.00145E-12   0.00000E+00   9.52381E-98
 sn106  50  56 106   2.38338E-11   0.00000E+00   9.43396E-98
 sn107  50  57 107   2.97457E-12   0.00000E+00   9.34580E-98
 sn108  50  58 108   5.49265E-13   0.00000E+00   9.25926E-98
 sn109  50  59 109   5.11280E-14   0.00000E+00   9.17431E-98
 sn110  50  60 110   1.03179E-14   0.00000E+00   9.09091E-98
 sn111  50  61 111   4.09532E-15   0.00000E+00   9.00901E-98
 sn112  50  62 112   2.02555E-15   2.32246E-15   4.73001E-14
 sn113  50  63 113   3.42141E-16   0.00000E+00   8.84956E-98
 sn114  50  64 114   3.23469E-16   2.31916E-15   3.25100E-14
 sn115  50  65 115   2.26654E-16   7.25780E-15   1.73200E-14
 sn116  50  66 116   4.10925E-16   1.14826E-13   7.04801E-13
 sn117  50  67 117   2.00311E-17   5.06736E-14   3.75700E-13
 sn118  50  68 118   6.49792E-19   7.07144E-14   1.18400E-12
 sn119  50  69 119   5.62880E-21   8.73044E-14   4.22300E-13
  sb97  51  46  97   0.00000E+00   0.00000E+00   0.00000E+00
  sb98  51  47  98   0.00000E+00   0.00000E+00   0.00000E+00
  sb99  51  48  99   0.00000E+00   0.00000E+00   0.00000E+00
 sb100  51  49 100   0.00000E+00   0.00000E+00   0.00000E+00
 sb101  51  50 101   0.00000E+00   0.00000E+00   0.00000E+00
 sb102  51  51 102   0.00000E+00   0.00000E+00   0.00000E+00
 sb103  51  52 103   0.00000E+00   0.00000E+00   0.00000E+00
 sb104  51  53 104   0.00000E+00   0.00000E+00   9.61539E-98
 sb105  51  54 105   0.00000E+00   0.00000E+00   9.52381E-98
 sb106  51  55 106   0.00000E+00   0.00000E+00   9.43396E-98
 sb107  51  56 107   0.00000E+00   0.00000E+00   9.34580E-98
 sb108  51  57 108   0.00000E+00   0.00000E+00   9.25926E-98
 sb109  51  58 109   1.35125E-20   0.00000E+00   9.17431E-98
 sb110  51  59 110   1.34425E-19   0.00000E+00   9.09091E-98
 sb111  51  60 111   1.06377E-16   0.00000E+00   9.00901E-98
 sb112  51  61 112   1.24951E-16   0.00000E+00   8.92857E-98
 sb113  51  62 113   4.88784E-16   0.00000E+00   8.84956E-98
 sb114  51  63 114   3.32283E-16   0.00000E+00   8.77193E-98
 sb115  51  64 115   3.11271E-15   0.00000E+00   8.69565E-98
 sb116  51  65 116   2.78104E-15   0.00000E+00   8.62069E-98
 sb117  51  66 117   1.90045E-15   0.00000E+00   8.54701E-98
 sb118  51  67 118   1.58603E-18   0.00000E+00   8.47458E-98
 sb119  51  68 119   1.02355E-17   0.00000E+00   8.40336E-98
 sb121  51  70 121   1.30011E-21   3.02252E-14   2.35800E-13
  te99  52  47  99   0.00000E+00   0.00000E+00   0.00000E+00
 te100  52  48 100   0.00000E+00   0.00000E+00   0.00000E+00
 te101  52  49 101   0.00000E+00   0.00000E+00   0.00000E+00
 te102  52  50 102   0.00000E+00   0.00000E+00   0.00000E+00
 te103  52  51 103   0.00000E+00   0.00000E+00   0.00000E+00
 te104  52  52 104   0.00000E+00   0.00000E+00   9.61539E-98
 te105  52  53 105   0.00000E+00   0.00000E+00   9.52381E-98
 te106  52  54 106   0.00000E+00   0.00000E+00   9.43396E-98
 te107  52  55 107   0.00000E+00   0.00000E+00   9.34580E-98
 te108  52  56 108   0.00000E+00   0.00000E+00   9.25926E-98
 te109  52  57 109   0.00000E+00   0.00000E+00   9.17431E-98
 te110  52  58 110   1.16333E-21   0.00000E+00   9.09091E-98
 te111  52  59 111   8.34943E-22   0.00000E+00   9.00901E-98
 te112  52  60 112   1.71959E-16   0.00000E+00   8.92857E-98
 te113  52  61 113   4.45839E-17   0.00000E+00   8.84956E-98
 te114  52  62 114   1.66340E-15   0.00000E+00   8.77193E-98
 te115  52  63 115   3.75366E-15   0.00000E+00   8.69565E-98
 te116  52  64 116   1.11022E-13   0.00000E+00   8.62069E-98
 te117  52  65 117   4.02827E-14   0.00000E+00   8.54701E-98
 te118  52  66 118   1.00567E-14   0.00000E+00   8.47458E-98
 te119  52  67 119   5.79374E-15   0.00000E+00   8.40336E-98
 te120  52  68 120   1.60348E-16   6.77109E-14   7.72701E-15
 te121  52  69 121   2.69718E-17   0.00000E+00   8.26446E-98
 te122  52  70 122   1.55812E-17   1.64451E-14   2.11800E-13
 te123  52  71 123   3.35380E-19   3.19467E-14   7.72701E-14
 te125  52  73 125   3.77558E-22   4.20676E-13   6.04901E-13
  i101  53  48 101   0.00000E+00   0.00000E+00   0.00000E+00
  i102  53  49 102   0.00000E+00   0.00000E+00   0.00000E+00
  i103  53  50 103   0.00000E+00   0.00000E+00   0.00000E+00
  i104  53  51 104   0.00000E+00   0.00000E+00   0.00000E+00
  i105  53  52 105   0.00000E+00   0.00000E+00   0.00000E+00
  i106  53  53 106   0.00000E+00   0.00000E+00   0.00000E+00
  i107  53  54 107   0.00000E+00   0.00000E+00   0.00000E+00
  i108  53  55 108   0.00000E+00   0.00000E+00   9.25926E-98
  i109  53  56 109   0.00000E+00   0.00000E+00   9.17431E-98
  i110  53  57 110   0.00000E+00   0.00000E+00   9.09091E-98
  i111  53  58 111   0.00000E+00   0.00000E+00   9.00901E-98
  i112  53  59 112   0.00000E+00   0.00000E+00   8.92857E-98
  i113  53  60 113   0.00000E+00   0.00000E+00   8.84956E-98
  i114  53  61 114   0.00000E+00   0.00000E+00   8.77193E-98
  i115  53  62 115   1.64776E-16   0.00000E+00   8.69565E-98
  i116  53  63 116   3.01678E-17   0.00000E+00   8.62069E-98
  i117  53  64 117   8.18165E-15   0.00000E+00   8.54701E-98
  i118  53  65 118   4.15668E-14   0.00000E+00   8.47458E-98
  i119  53  66 119   4.08194E-14   0.00000E+00   8.40336E-98
  i120  53  67 120   6.09180E-15   0.00000E+00   8.33334E-98
  i121  53  68 121   1.83453E-15   0.00000E+00   8.26446E-98
  i122  53  69 122   2.59042E-17   0.00000E+00   8.19672E-98
  i123  53  70 123   1.83130E-16   0.00000E+00   8.13008E-98
  i125  53  72 125   2.64267E-17   0.00000E+00   8.00000E-98
  i127  53  74 127   6.97415E-21   4.95865E-13   1.69200E-12
 xe103  54  49 103   0.00000E+00   0.00000E+00   0.00000E+00
 xe104  54  50 104   0.00000E+00   0.00000E+00   0.00000E+00
 xe105  54  51 105   0.00000E+00   0.00000E+00   0.00000E+00
 xe106  54  52 106   0.00000E+00   0.00000E+00   0.00000E+00
 xe107  54  53 107   0.00000E+00   0.00000E+00   0.00000E+00
 xe108  54  54 108   0.00000E+00   0.00000E+00   9.25926E-98
 xe109  54  55 109   0.00000E+00   0.00000E+00   9.17431E-98
 xe110  54  56 110   0.00000E+00   0.00000E+00   9.09091E-98
 xe111  54  57 111   0.00000E+00   0.00000E+00   9.00901E-98
 xe112  54  58 112   0.00000E+00   0.00000E+00   8.92857E-98
 xe113  54  59 113   0.00000E+00   0.00000E+00   8.84956E-98
 xe114  54  60 114   0.00000E+00   0.00000E+00   8.77193E-98
 xe115  54  61 115   2.34712E-22   0.00000E+00   8.69565E-98
 xe116  54  62 116   5.81479E-16   0.00000E+00   8.62069E-98
 xe117  54  63 117   2.88701E-16   0.00000E+00   8.54701E-98
 xe118  54  64 118   1.90887E-14   0.00000E+00   8.47458E-98
 xe119  54  65 119   4.06134E-14   0.00000E+00   8.40336E-98
 xe120  54  66 120   6.08129E-14   0.00000E+00   8.33334E-98
 xe121  54  67 121   2.34186E-14   0.00000E+00   8.26446E-98
 xe122  54  68 122   1.49765E-14   0.00000E+00   8.19672E-98
 xe123  54  69 123   1.08668E-14   0.00000E+00   8.13008E-98
 xe124  54  70 124   1.03286E-13   3.03174E-13   9.85901E-15
 xe125  54  71 125   1.59271E-14   0.00000E+00   8.00000E-98
 xe126  54  72 126   1.22636E-14   5.36831E-13   8.92601E-15
 xe127  54  73 127   2.76320E-16   0.00000E+00   7.87402E-98
 xe128  54  74 128   4.47392E-17   7.33843E-13   1.69200E-13
 xe129  54  75 129   5.26176E-19   3.10164E-13   2.14500E-12
 cs106  55  51 106   0.00000E+00   0.00000E+00   0.00000E+00
 cs107  55  52 107   0.00000E+00   0.00000E+00   0.00000E+00
 cs108  55  53 108   0.00000E+00   0.00000E+00   0.00000E+00
 cs109  55  54 109   0.00000E+00   0.00000E+00   0.00000E+00
 cs110  55  55 110   0.00000E+00   0.00000E+00   0.00000E+00
 cs111  55  56 111   0.00000E+00   0.00000E+00   0.00000E+00
 cs112  55  57 112   0.00000E+00   0.00000E+00   0.00000E+00
 cs113  55  58 113   0.00000E+00   0.00000E+00   0.00000E+00
 cs114  55  59 114   0.00000E+00   0.00000E+00   0.00000E+00
 cs115  55  60 115   0.00000E+00   0.00000E+00   0.00000E+00
 cs116  55  61 116   0.00000E+00   0.00000E+00   0.00000E+00
 cs117  55  62 117   0.00000E+00   0.00000E+00   0.00000E+00
 cs118  55  63 118   3.22916E-23   0.00000E+00   0.00000E+00
 cs119  55  64 119   6.75249E-17   0.00000E+00   0.00000E+00
 cs120  55  65 120   6.45623E-16   0.00000E+00   0.00000E+00
 cs121  55  66 121   4.94410E-15   0.00000E+00   0.00000E+00
 cs122  55  67 122   2.58595E-16   0.00000E+00   0.00000E+00
 cs123  55  68 123   1.58937E-14   0.00000E+00   0.00000E+00
 cs124  55  69 124   9.35758E-15   0.00000E+00   0.00000E+00
 cs125  55  70 125   2.76354E-13   0.00000E+00   0.00000E+00
 cs126  55  71 126   7.36787E-15   0.00000E+00   0.00000E+00
 cs127  55  72 127   5.70233E-14   0.00000E+00   0.00000E+00
 cs128  55  73 128   1.01603E-16   0.00000E+00   0.00000E+00
 cs129  55  74 129   7.32900E-16   0.00000E+00   0.00000E+00
 ba108  56  52 108   0.00000E+00   0.00000E+00   0.00000E+00
 ba109  56  53 109   0.00000E+00   0.00000E+00   0.00000E+00
 ba110  56  54 110   0.00000E+00   0.00000E+00   0.00000E+00
 ba111  56  55 111   0.00000E+00   0.00000E+00   0.00000E+00
 ba112  56  56 112   0.00000E+00   0.00000E+00   0.00000E+00
 ba113  56  57 113   0.00000E+00   0.00000E+00   0.00000E+00
 ba114  56  58 114   0.00000E+00   0.00000E+00   0.00000E+00
 ba115  56  59 115   0.00000E+00   0.00000E+00   0.00000E+00
 ba116  56  60 116   0.00000E+00   0.00000E+00   0.00000E+00
 ba117  56  61 117   0.00000E+00   0.00000E+00   0.00000E+00
 ba118  56  62 118   0.00000E+00   0.00000E+00   0.00000E+00
 ba119  56  63 119   0.00000E+00   0.00000E+00   0.00000E+00
 ba120  56  64 120   1.52765E-19   0.00000E+00   0.00000E+00
 ba121  56  65 121   9.14261E-19   0.00000E+00   0.00000E+00
 ba122  56  66 122   1.16858E-15   0.00000E+00   0.00000E+00
 ba123  56  67 123   5.00269E-15   0.00000E+00   0.00000E+00
 ba124  56  68 124   1.90531E-13   0.00000E+00   0.00000E+00
 ba125  56  69 125   1.24779E-13   0.00000E+00   0.00000E+00
 ba126  56  70 126   5.10967E-13   0.00000E+00   0.00000E+00
 ba127  56  71 127   2.41576E-13   0.00000E+00   0.00000E+00
 ba128  56  72 128   2.38645E-13   0.00000E+00   0.00000E+00
 ba129  56  73 129   5.09946E-14   0.00000E+00   0.00000E+00
 ba130  56  74 130   3.37092E-12   5.02556E-12   0.00000E+00
 la110  57  53 110   0.00000E+00   0.00000E+00   0.00000E+00
 la111  57  54 111   0.00000E+00   0.00000E+00   0.00000E+00
 la112  57  55 112   0.00000E+00   0.00000E+00   0.00000E+00
 la113  57  56 113   0.00000E+00   0.00000E+00   0.00000E+00
 la114  57  57 114   0.00000E+00   0.00000E+00   0.00000E+00
 la115  57  58 115   0.00000E+00   0.00000E+00   0.00000E+00
 la116  57  59 116   0.00000E+00   0.00000E+00   0.00000E+00
 la117  57  60 117   0.00000E+00   0.00000E+00   0.00000E+00
 la118  57  61 118   0.00000E+00   0.00000E+00   0.00000E+00
 la119  57  62 119   0.00000E+00   0.00000E+00   0.00000E+00
 la120  57  63 120   0.00000E+00   0.00000E+00   0.00000E+00
 la121  57  64 121   0.00000E+00   0.00000E+00   0.00000E+00
 la122  57  65 122   0.00000E+00   0.00000E+00   0.00000E+00
 la123  57  66 123   3.83839E-22   0.00000E+00   0.00000E+00
 la124  57  67 124   0.00000E+00   0.00000E+00   0.00000E+00
 la125  57  68 125   3.58939E-15   0.00000E+00   0.00000E+00
 la126  57  69 126   5.20561E-15   0.00000E+00   0.00000E+00
 la127  57  70 127   1.96941E-13   0.00000E+00   0.00000E+00
 la128  57  71 128   3.03272E-13   0.00000E+00   0.00000E+00
 la129  57  72 129   1.80068E-13   0.00000E+00   0.00000E+00
 la130  57  73 130   5.41388E-13   0.00000E+00   0.00000E+00
 ce113  58  55 113   0.00000E+00   0.00000E+00   0.00000E+00
 ce114  58  56 114   0.00000E+00   0.00000E+00   0.00000E+00
 ce115  58  57 115   0.00000E+00   0.00000E+00   0.00000E+00
 ce116  58  58 116   0.00000E+00   0.00000E+00   0.00000E+00
 ce117  58  59 117   0.00000E+00   0.00000E+00   0.00000E+00
 ce118  58  60 118   0.00000E+00   0.00000E+00   0.00000E+00
 ce119  58  61 119   0.00000E+00   0.00000E+00   0.00000E+00
 ce120  58  62 120   0.00000E+00   0.00000E+00   0.00000E+00
 ce121  58  63 121   0.00000E+00   0.00000E+00   0.00000E+00
 ce122  58  64 122   0.00000E+00   0.00000E+00   0.00000E+00
 ce123  58  65 123   0.00000E+00   0.00000E+00   0.00000E+00
 ce124  58  66 124   0.00000E+00   0.00000E+00   0.00000E+00
 ce125  58  67 125   0.00000E+00   0.00000E+00   0.00000E+00
 ce126  58  68 126   1.02543E-15   0.00000E+00   0.00000E+00
 ce127  58  69 127   4.81732E-17   0.00000E+00   0.00000E+00
 ce128  58  70 128   1.91779E-13   0.00000E+00   0.00000E+00
 ce129  58  71 129   7.83594E-14   0.00000E+00   0.00000E+00
 ce130  58  72 130   1.11324E-12   0.00000E+00   0.00000E+00
 pr115  59  56 115   0.00000E+00   0.00000E+00   0.00000E+00
 pr116  59  57 116   0.00000E+00   0.00000E+00   0.00000E+00
 pr117  59  58 117   0.00000E+00   0.00000E+00   0.00000E+00
 pr118  59  59 118   0.00000E+00   0.00000E+00   0.00000E+00
 pr119  59  60 119   0.00000E+00   0.00000E+00   0.00000E+00
 pr120  59  61 120   0.00000E+00   0.00000E+00   0.00000E+00
 pr121  59  62 121   0.00000E+00   0.00000E+00   0.00000E+00
 pr122  59  63 122   0.00000E+00   0.00000E+00   0.00000E+00
 pr123  59  64 123   0.00000E+00   0.00000E+00   0.00000E+00
 pr124  59  65 124   0.00000E+00   0.00000E+00   0.00000E+00
 pr125  59  66 125   0.00000E+00   0.00000E+00   0.00000E+00
 pr126  59  67 126   0.00000E+00   0.00000E+00   0.00000E+00
 pr127  59  68 127   0.00000E+00   0.00000E+00   0.00000E+00
 pr128  59  69 128   0.00000E+00   0.00000E+00   0.00000E+00
 pr129  59  70 129   8.41094E-18   0.00000E+00   0.00000E+00
 pr130  59  71 130   1.78526E-18   0.00000E+00   0.00000E+00
 nd118  60  58 118   0.00000E+00   0.00000E+00   0.00000E+00
 nd119  60  59 119   0.00000E+00   0.00000E+00   0.00000E+00
 nd120  60  60 120   0.00000E+00   0.00000E+00   0.00000E+00
 nd121  60  61 121   0.00000E+00   0.00000E+00   0.00000E+00
 nd122  60  62 122   0.00000E+00   0.00000E+00   0.00000E+00
 nd123  60  63 123   0.00000E+00   0.00000E+00   0.00000E+00
 nd124  60  64 124   0.00000E+00   0.00000E+00   0.00000E+00
 nd125  60  65 125   0.00000E+00   0.00000E+00   0.00000E+00
 nd126  60  66 126   0.00000E+00   0.00000E+00   0.00000E+00
 nd127  60  67 127   0.00000E+00   0.00000E+00   0.00000E+00
 nd128  60  68 128   0.00000E+00   0.00000E+00   0.00000E+00
 nd129  60  69 129   0.00000E+00   0.00000E+00   0.00000E+00
 nd130  60  70 130   1.08517E-19   0.00000E+00   0.00000E+00
 pm120  61  59 120   0.00000E+00   0.00000E+00   0.00000E+00
 pm121  61  60 121   0.00000E+00   0.00000E+00   0.00000E+00
 pm122  61  61 122   0.00000E+00   0.00000E+00   0.00000E+00
 pm123  61  62 123   0.00000E+00   0.00000E+00   0.00000E+00
 pm124  61  63 124   0.00000E+00   0.00000E+00   0.00000E+00
 pm125  61  64 125   0.00000E+00   0.00000E+00   0.00000E+00
 pm126  61  65 126   0.00000E+00   0.00000E+00   0.00000E+00
 pm127  61  66 127   0.00000E+00   0.00000E+00   0.00000E+00
 pm128  61  67 128   0.00000E+00   0.00000E+00   0.00000E+00
 pm129  61  68 129   0.00000E+00   0.00000E+00   0.00000E+00
 pm130  61  69 130   0.00000E+00   0.00000E+00   0.00000E+00
 sm123  62  61 123   0.00000E+00   0.00000E+00   0.00000E+00
 sm124  62  62 124   0.00000E+00   0.00000E+00   0.00000E+00
 sm125  62  63 125   0.00000E+00   0.00000E+00   0.00000E+00
 sm126  62  64 126   0.00000E+00   0.00000E+00   0.00000E+00
 sm127  62  65 127   0.00000E+00   0.00000E+00   0.00000E+00
 sm128  62  66 128   0.00000E+00   0.00000E+00   0.00000E+00
 sm129  62  67 129   0.00000E+00   0.00000E+00   0.00000E+00
 sm130  62  68 130   0.00000E+00   0.00000E+00   0.00000E+00
 eu125  63  62 125   0.00000E+00   0.00000E+00   0.00000E+00
 eu126  63  63 126   0.00000E+00   0.00000E+00   0.00000E+00
 eu127  63  64 127   0.00000E+00   0.00000E+00   0.00000E+00
 eu128  63  65 128   0.00000E+00   0.00000E+00   0.00000E+00
 eu129  63  66 129   0.00000E+00   0.00000E+00   0.00000E+00
 eu130  63  67 130   0.00000E+00   0.00000E+00   0.00000E+00
 gd128  64  64 128   0.00000E+00   0.00000E+00   0.00000E+00
 gd129  64  65 129   0.00000E+00   0.00000E+00   0.00000E+00
 gd130  64  66 130   0.00000E+00   0.00000E+00   0.00000E+00
 tb130  65  65 130   0.00000E+00   0.00000E+00   0.00000E+00
